<?xml version="1.0" encoding="UTF-8"?>
<!-- Generated by org.testng.reporters.JUnitReportReporter -->
<testsuite hostname="DESKTOP-LRFGOJA" failures="0" tests="1" name="DemoAppiumInspector" time="26.374" errors="0" timestamp="2021-10-23T23:05:35 ICT" skipped="0">
  <testcase classname="DemoAppiumInspector" name="apkTest" time="26.374"/>
  <system-out/>
</testsuite> <!-- DemoAppiumInspector -->
