<?xml version="1.0" encoding="UTF-8"?>
<!-- Generated by org.testng.reporters.JUnitReportReporter -->
<testsuite hostname="DESKTOP-LRFGOJA" failures="0" tests="1" name="Test.TestCheckboxShouldBeCheckedOnOneClick" time="3.139" errors="0" timestamp="2021-11-11T20:56:02 ICT" skipped="0">
  <testcase classname="Test.TestCheckboxShouldBeCheckedOnOneClick" name="CheckboxShouldBeCheckedAfterOneClick" time="3.139"/>
  <system-out/>
</testsuite> <!-- Test.TestCheckboxShouldBeCheckedOnOneClick -->
