<?xml version="1.0" encoding="UTF-8"?>
<!-- Generated by org.testng.reporters.JUnitReportReporter -->
<testsuite hostname="DESKTOP-LRFGOJA" failures="0" tests="1" name="Test.TestSystemAppCount" time="85.935" errors="0" timestamp="2021-10-25T19:27:18 ICT" skipped="0">
  <testcase classname="Test.TestSystemAppCount" name="systemAppCount" time="85.935"/>
  <system-out/>
</testsuite> <!-- Test.TestSystemAppCount -->
